TN:
SF:C:\Users\PAWAN KT\Desktop\Accolite\FrontEnd\Onboarding-Portal\src\polyfills.ts
FNF:0
FNH:0
LF:0
LH:0
BRF:0
BRH:0
end_of_record
TN:
SF:C:\Users\PAWAN KT\Desktop\Accolite\FrontEnd\Onboarding-Portal\src\test.ts
FNF:0
FNH:0
DA:18,1
DA:23,1
DA:25,1
LF:3
LH:3
BRF:0
BRH:0
end_of_record
TN:
SF:C:\Users\PAWAN KT\Desktop\Accolite\FrontEnd\Onboarding-Portal\src\app\app.component.ts
FN:16,(anonymous_0)
FN:21,(anonymous_1)
FN:26,(anonymous_2)
FNF:3
FNH:1
FNDA:2,(anonymous_0)
FNDA:0,(anonymous_1)
FNDA:0,(anonymous_2)
DA:11,1
DA:12,2
DA:17,2
DA:18,2
DA:22,0
DA:23,0
DA:27,0
DA:28,0
LF:8
LH:4
BRF:0
BRH:0
end_of_record
TN:
SF:C:\Users\PAWAN KT\Desktop\Accolite\FrontEnd\Onboarding-Portal\src\app\socialloginconfigs.ts
FN:7,getAuthServiceConfigs
FNF:1
FNH:1
FNDA:3,getAuthServiceConfigs
DA:8,3
DA:15,3
LF:2
LH:2
BRF:0
BRH:0
end_of_record
TN:
SF:C:\Users\PAWAN KT\Desktop\Accolite\FrontEnd\Onboarding-Portal\src\app\error\error.component.ts
FN:11,(anonymous_0)
FN:14,(anonymous_1)
FNF:2
FNH:2
FNDA:1,(anonymous_0)
FNDA:1,(anonymous_1)
DA:9,1
DA:12,1
DA:15,1
LF:3
LH:3
BRF:0
BRH:0
end_of_record
TN:
SF:C:\Users\PAWAN KT\Desktop\Accolite\FrontEnd\Onboarding-Portal\src\app\home-components\edit-onboardee\edit-onboardee.component.ts
FN:14,(anonymous_0)
FN:26,(anonymous_1)
FN:28,(anonymous_2)
FN:29,(anonymous_3)
FN:34,(anonymous_4)
FN:54,(anonymous_5)
FN:60,(anonymous_6)
FNF:7
FNH:2
FNDA:1,(anonymous_0)
FNDA:0,(anonymous_1)
FNDA:0,(anonymous_2)
FNDA:0,(anonymous_3)
FNDA:1,(anonymous_4)
FNDA:0,(anonymous_5)
FNDA:0,(anonymous_6)
DA:12,1
DA:15,1
DA:16,1
DA:17,1
DA:18,1
DA:27,0
DA:28,0
DA:29,0
DA:30,0
DA:31,0
DA:35,1
DA:37,1
DA:52,1
DA:53,1
DA:55,0
DA:56,0
DA:57,0
DA:58,0
DA:60,0
LF:19
LH:9
BRF:0
BRH:0
end_of_record
TN:
SF:C:\Users\PAWAN KT\Desktop\Accolite\FrontEnd\Onboarding-Portal\src\app\home-components\home\home.component.ts
FN:15,(anonymous_0)
FN:33,(anonymous_1)
FN:38,(anonymous_2)
FN:42,(anonymous_3)
FN:45,(anonymous_4)
FN:50,(anonymous_5)
FN:52,(anonymous_6)
FN:58,(anonymous_7)
FN:62,(anonymous_8)
FN:66,(anonymous_9)
FN:70,(anonymous_10)
FN:74,(anonymous_11)
FN:77,(anonymous_12)
FN:81,(anonymous_13)
FN:84,(anonymous_14)
FN:85,(anonymous_15)
FN:88,(anonymous_16)
FN:89,(anonymous_17)
FN:92,(anonymous_18)
FN:93,(anonymous_19)
FN:96,(anonymous_20)
FN:97,(anonymous_21)
FN:101,(anonymous_22)
FN:102,(anonymous_23)
FNF:24
FNH:2
FNDA:1,(anonymous_0)
FNDA:0,(anonymous_1)
FNDA:0,(anonymous_2)
FNDA:0,(anonymous_3)
FNDA:0,(anonymous_4)
FNDA:0,(anonymous_5)
FNDA:0,(anonymous_6)
FNDA:0,(anonymous_7)
FNDA:0,(anonymous_8)
FNDA:1,(anonymous_9)
FNDA:0,(anonymous_10)
FNDA:0,(anonymous_11)
FNDA:0,(anonymous_12)
FNDA:0,(anonymous_13)
FNDA:0,(anonymous_14)
FNDA:0,(anonymous_15)
FNDA:0,(anonymous_16)
FNDA:0,(anonymous_17)
FNDA:0,(anonymous_18)
FNDA:0,(anonymous_19)
FNDA:0,(anonymous_20)
FNDA:0,(anonymous_21)
FNDA:0,(anonymous_22)
FNDA:0,(anonymous_23)
DA:13,1
DA:16,1
DA:17,1
DA:18,1
DA:19,1
DA:34,0
DA:35,0
DA:39,0
DA:40,0
DA:43,0
DA:46,0
DA:51,0
DA:52,0
DA:53,0
DA:54,0
DA:55,0
DA:59,0
DA:63,0
DA:67,1
DA:69,1
DA:71,0
DA:72,0
DA:74,0
DA:76,1
DA:78,0
DA:79,0
DA:81,0
DA:83,1
DA:84,0
DA:85,0
DA:87,1
DA:88,0
DA:89,0
DA:91,1
DA:92,0
DA:93,0
DA:95,1
DA:96,0
DA:97,0
DA:100,1
DA:101,0
DA:102,0
LF:42
LH:13
BRF:0
BRH:0
end_of_record
TN:
SF:C:\Users\PAWAN KT\Desktop\Accolite\FrontEnd\Onboarding-Portal\src\app\home-components\onboardee\onboardee.component.ts
FN:30,(anonymous_0)
FN:37,(anonymous_1)
FN:43,(anonymous_2)
FN:62,(anonymous_3)
FN:66,(anonymous_4)
FNF:5
FNH:2
FNDA:1,(anonymous_0)
FNDA:0,(anonymous_1)
FNDA:1,(anonymous_2)
FNDA:0,(anonymous_3)
FNDA:0,(anonymous_4)
DA:13,1
DA:16,1
DA:17,1
DA:18,1
DA:31,1
DA:32,1
DA:33,1
DA:34,1
DA:38,0
DA:39,0
DA:40,0
DA:44,1
DA:45,1
DA:61,1
DA:63,0
DA:64,0
DA:66,0
DA:69,1
DA:71,1
LF:19
LH:13
BRF:0
BRH:0
end_of_record
TN:
SF:C:\Users\PAWAN KT\Desktop\Accolite\FrontEnd\Onboarding-Portal\src\app\home-components\view-onboardee\view-onboardee.component.ts
FN:12,(anonymous_0)
FN:20,(anonymous_1)
FN:23,(anonymous_2)
FN:28,(anonymous_3)
FNF:4
FNH:2
FNDA:1,(anonymous_0)
FNDA:1,(anonymous_1)
FNDA:0,(anonymous_2)
FNDA:0,(anonymous_3)
DA:10,1
DA:13,1
DA:14,1
DA:21,1
DA:22,1
DA:24,0
DA:25,0
DA:26,0
DA:28,0
LF:9
LH:5
BRF:0
BRH:0
end_of_record
TN:
SF:C:\Users\PAWAN KT\Desktop\Accolite\FrontEnd\Onboarding-Portal\src\app\login\login.component.ts
FN:14,(anonymous_0)
FN:27,(anonymous_1)
FN:29,(anonymous_2)
FN:40,(anonymous_3)
FN:43,(anonymous_4)
FN:47,(anonymous_5)
FN:54,(anonymous_6)
FN:59,(anonymous_7)
FN:67,(anonymous_8)
FN:71,(anonymous_9)
FNF:10
FNH:4
FNDA:3,(anonymous_0)
FNDA:2,(anonymous_1)
FNDA:2,(anonymous_2)
FNDA:0,(anonymous_3)
FNDA:0,(anonymous_4)
FNDA:0,(anonymous_5)
FNDA:0,(anonymous_6)
FNDA:0,(anonymous_7)
FNDA:0,(anonymous_8)
FNDA:3,(anonymous_9)
DA:12,1
DA:14,3
DA:15,3
DA:16,3
DA:18,3
DA:21,3
DA:22,3
DA:28,2
DA:30,2
DA:31,1
DA:32,1
DA:33,1
DA:34,1
DA:35,1
DA:38,1
DA:40,0
DA:44,0
DA:46,0
DA:49,0
DA:50,0
DA:51,0
DA:52,0
DA:53,0
DA:55,0
DA:56,0
DA:57,0
DA:59,0
DA:63,0
DA:68,0
LF:29
LH:15
BRDA:30,0,0,1
BRDA:30,0,1,1
BRDA:52,1,0,0
BRDA:52,1,1,0
BRF:4
BRH:2
end_of_record
TN:
SF:C:\Users\PAWAN KT\Desktop\Accolite\FrontEnd\Onboarding-Portal\src\app\service\add-onboardee.service.ts
FN:10,(anonymous_0)
FN:13,(anonymous_1)
FN:16,(anonymous_2)
FN:17,(anonymous_3)
FNF:4
FNH:1
FNDA:2,(anonymous_0)
FNDA:0,(anonymous_1)
FNDA:0,(anonymous_2)
FNDA:0,(anonymous_3)
DA:7,1
DA:9,2
DA:11,2
DA:14,0
DA:15,0
DA:16,0
DA:17,0
LF:7
LH:3
BRF:0
BRH:0
end_of_record
TN:
SF:C:\Users\PAWAN KT\Desktop\Accolite\FrontEnd\Onboarding-Portal\src\app\service\authentication.service.ts
FN:12,(anonymous_0)
FN:17,(anonymous_1)
FN:21,(anonymous_2)
FN:27,(anonymous_3)
FN:32,(anonymous_4)
FN:37,(anonymous_5)
FNF:6
FNH:1
FNDA:7,(anonymous_0)
FNDA:0,(anonymous_1)
FNDA:0,(anonymous_2)
FNDA:0,(anonymous_3)
FNDA:0,(anonymous_4)
FNDA:0,(anonymous_5)
DA:5,1
DA:10,1
DA:13,7
DA:18,0
DA:20,0
DA:22,0
DA:28,0
DA:29,0
DA:33,0
DA:34,0
DA:38,0
LF:11
LH:3
BRF:0
BRH:0
end_of_record
TN:
SF:C:\Users\PAWAN KT\Desktop\Accolite\FrontEnd\Onboarding-Portal\src\app\service\fetch-onboardee.service.ts
FN:9,(anonymous_0)
FN:13,(anonymous_1)
FN:17,(anonymous_2)
FN:21,(anonymous_3)
FN:25,(anonymous_4)
FN:29,(anonymous_5)
FN:33,(anonymous_6)
FN:37,(anonymous_7)
FNF:8
FNH:6
FNDA:6,(anonymous_0)
FNDA:1,(anonymous_1)
FNDA:2,(anonymous_2)
FNDA:0,(anonymous_3)
FNDA:5,(anonymous_4)
FNDA:1,(anonymous_5)
FNDA:2,(anonymous_6)
FNDA:0,(anonymous_7)
DA:7,1
DA:10,6
DA:14,1
DA:18,2
DA:22,0
DA:26,5
DA:30,1
DA:34,2
DA:38,0
LF:9
LH:7
BRF:0
BRH:0
end_of_record
TN:
SF:C:\Users\PAWAN KT\Desktop\Accolite\FrontEnd\Onboarding-Portal\src\app\service\route-guard.service.ts
FN:10,(anonymous_0)
FN:15,(anonymous_1)
FNF:2
FNH:1
FNDA:1,(anonymous_0)
FNDA:0,(anonymous_1)
DA:8,1
DA:11,1
DA:12,1
DA:17,0
DA:18,0
DA:20,0
DA:22,0
LF:7
LH:3
BRDA:17,0,0,0
BRDA:17,0,1,0
BRF:2
BRH:0
end_of_record
TN:
SF:C:\Users\PAWAN KT\Desktop\Accolite\FrontEnd\Onboarding-Portal\src\app\service\data\login.service.ts
FN:6,(anonymous_0)
FN:14,(anonymous_1)
FN:16,(anonymous_2)
FNF:3
FNH:1
FNDA:0,(anonymous_0)
FNDA:1,(anonymous_1)
FNDA:0,(anonymous_2)
DA:6,0
DA:12,1
DA:14,1
DA:17,0
LF:4
LH:2
BRF:0
BRH:0
end_of_record
TN:
SF:C:\Users\PAWAN KT\Desktop\Accolite\FrontEnd\Onboarding-Portal\src\app\service\home\delete-onboardee.service.ts
FN:10,(anonymous_0)
FN:15,(anonymous_1)
FNF:2
FNH:1
FNDA:2,(anonymous_0)
FNDA:0,(anonymous_1)
DA:8,1
DA:11,2
DA:16,0
LF:3
LH:2
BRF:0
BRH:0
end_of_record
TN:
SF:C:\Users\PAWAN KT\Desktop\Accolite\FrontEnd\Onboarding-Portal\src\app\show-demands\show-demands.component.ts
FN:13,(anonymous_0)
FN:17,(anonymous_1)
FN:19,(anonymous_2)
FN:22,(anonymous_3)
FNF:4
FNH:2
FNDA:1,(anonymous_0)
FNDA:1,(anonymous_1)
FNDA:0,(anonymous_2)
FNDA:0,(anonymous_3)
DA:9,1
DA:14,1
DA:18,1
DA:20,0
DA:22,0
LF:5
LH:3
BRF:0
BRH:0
end_of_record
