TN:
SF:C:\Users\PAWAN KT\Desktop\Accolite\FrontEnd\Onboarding-Portal\src\polyfills.ts
FNF:0
FNH:0
LF:0
LH:0
BRF:0
BRH:0
end_of_record
TN:
SF:C:\Users\PAWAN KT\Desktop\Accolite\FrontEnd\Onboarding-Portal\src\test.ts
FNF:0
FNH:0
DA:18,1
DA:23,1
DA:25,1
LF:3
LH:3
BRF:0
BRH:0
end_of_record
TN:
SF:C:\Users\PAWAN KT\Desktop\Accolite\FrontEnd\Onboarding-Portal\src\app\app.component.ts
FN:16,(anonymous_0)
FN:21,(anonymous_1)
FN:26,(anonymous_2)
FNF:3
FNH:3
FNDA:4,(anonymous_0)
FNDA:1,(anonymous_1)
FNDA:1,(anonymous_2)
DA:11,1
DA:12,4
DA:17,4
DA:18,4
DA:22,1
DA:23,1
DA:27,1
LF:7
LH:7
BRF:0
BRH:0
end_of_record
TN:
SF:C:\Users\PAWAN KT\Desktop\Accolite\FrontEnd\Onboarding-Portal\src\app\socialloginconfigs.ts
FN:7,getAuthServiceConfigs
FNF:1
FNH:1
FNDA:7,getAuthServiceConfigs
DA:8,7
DA:15,7
LF:2
LH:2
BRF:0
BRH:0
end_of_record
TN:
SF:C:\Users\PAWAN KT\Desktop\Accolite\FrontEnd\Onboarding-Portal\src\app\error\error.component.ts
FN:11,(anonymous_0)
FN:14,(anonymous_1)
FNF:2
FNH:2
FNDA:1,(anonymous_0)
FNDA:1,(anonymous_1)
DA:9,1
DA:12,1
DA:15,1
LF:3
LH:3
BRF:0
BRH:0
end_of_record
TN:
SF:C:\Users\PAWAN KT\Desktop\Accolite\FrontEnd\Onboarding-Portal\src\app\home-components\edit-onboardee\edit-onboardee.component.ts
FN:14,(anonymous_0)
FN:26,(anonymous_1)
FN:28,(anonymous_2)
FN:29,(anonymous_3)
FN:32,(anonymous_4)
FN:35,(anonymous_5)
FN:41,(anonymous_6)
FN:44,(anonymous_7)
FN:62,(anonymous_8)
FNF:9
FNH:8
FNDA:4,(anonymous_0)
FNDA:1,(anonymous_1)
FNDA:0,(anonymous_2)
FNDA:1,(anonymous_3)
FNDA:6,(anonymous_4)
FNDA:1,(anonymous_5)
FNDA:5,(anonymous_6)
FNDA:4,(anonymous_7)
FNDA:4,(anonymous_8)
DA:12,1
DA:15,4
DA:16,4
DA:17,4
DA:18,4
DA:27,1
DA:28,0
DA:29,1
DA:34,6
DA:36,1
DA:37,1
DA:38,1
DA:39,1
DA:41,5
DA:46,4
DA:63,4
DA:64,4
DA:65,4
DA:66,4
LF:19
LH:18
BRF:0
BRH:0
end_of_record
TN:
SF:C:\Users\PAWAN KT\Desktop\Accolite\FrontEnd\Onboarding-Portal\src\app\home-components\home\home.component.ts
FN:15,(anonymous_0)
FN:33,(anonymous_1)
FN:38,(anonymous_2)
FN:42,(anonymous_3)
FN:45,(anonymous_4)
FN:50,(anonymous_5)
FN:52,(anonymous_6)
FN:58,(anonymous_7)
FN:62,(anonymous_8)
FN:66,(anonymous_9)
FN:70,(anonymous_10)
FN:75,(anonymous_11)
FN:79,(anonymous_12)
FN:82,(anonymous_13)
FN:83,(anonymous_14)
FN:87,(anonymous_15)
FN:90,(anonymous_16)
FN:94,(anonymous_17)
FN:97,(anonymous_18)
FNF:19
FNH:17
FNDA:12,(anonymous_0)
FNDA:1,(anonymous_1)
FNDA:2,(anonymous_2)
FNDA:1,(anonymous_3)
FNDA:1,(anonymous_4)
FNDA:1,(anonymous_5)
FNDA:1,(anonymous_6)
FNDA:0,(anonymous_7)
FNDA:0,(anonymous_8)
FNDA:62,(anonymous_9)
FNDA:61,(anonymous_10)
FNDA:1,(anonymous_11)
FNDA:14,(anonymous_12)
FNDA:13,(anonymous_13)
FNDA:1,(anonymous_14)
FNDA:14,(anonymous_15)
FNDA:13,(anonymous_16)
FNDA:1,(anonymous_17)
FNDA:12,(anonymous_18)
DA:13,1
DA:16,12
DA:17,12
DA:18,12
DA:19,12
DA:34,1
DA:35,1
DA:39,2
DA:40,2
DA:43,1
DA:46,1
DA:51,1
DA:52,1
DA:53,1
DA:54,1
DA:55,1
DA:59,0
DA:63,0
DA:69,62
DA:71,61
DA:72,61
DA:73,61
DA:75,1
DA:81,14
DA:82,13
DA:83,1
DA:89,14
DA:91,13
DA:92,13
DA:94,1
DA:98,12
DA:100,12
DA:102,12
DA:103,12
DA:104,12
DA:105,12
DA:106,12
DA:108,12
LF:38
LH:36
BRF:0
BRH:0
end_of_record
TN:
SF:C:\Users\PAWAN KT\Desktop\Accolite\FrontEnd\Onboarding-Portal\src\app\home-components\onboardee\onboardee.component.ts
FN:30,(anonymous_0)
FN:37,(anonymous_1)
FN:40,(anonymous_2)
FN:45,(anonymous_3)
FN:48,(anonymous_4)
FN:52,(anonymous_5)
FN:56,(anonymous_6)
FNF:7
FNH:5
FNDA:3,(anonymous_0)
FNDA:0,(anonymous_1)
FNDA:0,(anonymous_2)
FNDA:5,(anonymous_3)
FNDA:4,(anonymous_4)
FNDA:1,(anonymous_5)
FNDA:3,(anonymous_6)
DA:13,1
DA:16,3
DA:17,3
DA:18,3
DA:31,3
DA:32,3
DA:33,3
DA:34,3
DA:38,0
DA:39,0
DA:40,0
DA:47,5
DA:49,4
DA:50,4
DA:52,1
DA:57,3
DA:58,3
DA:73,3
DA:75,3
DA:77,3
LF:20
LH:17
BRF:0
BRH:0
end_of_record
TN:
SF:C:\Users\PAWAN KT\Desktop\Accolite\FrontEnd\Onboarding-Portal\src\app\home-components\view-onboardee\view-onboardee.component.ts
FN:12,(anonymous_0)
FN:20,(anonymous_1)
FN:23,(anonymous_2)
FN:28,(anonymous_3)
FN:31,(anonymous_4)
FNF:5
FNH:5
FNDA:2,(anonymous_0)
FNDA:3,(anonymous_1)
FNDA:1,(anonymous_2)
FNDA:2,(anonymous_3)
FNDA:2,(anonymous_4)
DA:10,1
DA:13,2
DA:14,2
DA:22,3
DA:24,1
DA:25,1
DA:26,1
DA:28,2
DA:32,2
DA:33,2
LF:10
LH:10
BRF:0
BRH:0
end_of_record
TN:
SF:C:\Users\PAWAN KT\Desktop\Accolite\FrontEnd\Onboarding-Portal\src\app\login\login.component.ts
FN:14,(anonymous_0)
FN:27,(anonymous_1)
FN:29,(anonymous_2)
FN:40,(anonymous_3)
FN:43,(anonymous_4)
FN:47,(anonymous_5)
FN:57,(anonymous_6)
FN:67,(anonymous_7)
FN:76,(anonymous_8)
FN:80,(anonymous_9)
FNF:10
FNH:9
FNDA:7,(anonymous_0)
FNDA:3,(anonymous_1)
FNDA:2,(anonymous_2)
FNDA:1,(anonymous_3)
FNDA:2,(anonymous_4)
FNDA:2,(anonymous_5)
FNDA:1,(anonymous_6)
FNDA:0,(anonymous_7)
FNDA:1,(anonymous_8)
FNDA:7,(anonymous_9)
DA:12,1
DA:14,7
DA:15,7
DA:16,7
DA:18,7
DA:21,7
DA:22,7
DA:23,7
DA:28,3
DA:30,2
DA:31,1
DA:32,1
DA:33,1
DA:34,1
DA:35,1
DA:38,1
DA:40,1
DA:44,2
DA:46,2
DA:49,2
DA:50,2
DA:51,2
DA:52,2
DA:53,2
DA:54,2
DA:56,1
DA:58,1
DA:60,1
DA:61,1
DA:63,1
DA:64,1
DA:67,0
DA:71,1
DA:72,1
DA:77,1
LF:35
LH:34
BRDA:30,0,0,1
BRDA:30,0,1,1
BRDA:54,1,0,1
BRDA:54,1,1,1
BRDA:60,2,0,0
BRDA:60,2,1,1
BRF:6
BRH:5
end_of_record
TN:
SF:C:\Users\PAWAN KT\Desktop\Accolite\FrontEnd\Onboarding-Portal\src\app\service\add-onboardee.service.ts
FN:10,(anonymous_0)
FN:13,(anonymous_1)
FNF:2
FNH:2
FNDA:5,(anonymous_0)
FNDA:1,(anonymous_1)
DA:7,1
DA:9,5
DA:11,5
DA:14,1
DA:15,1
LF:5
LH:5
BRF:0
BRH:0
end_of_record
TN:
SF:C:\Users\PAWAN KT\Desktop\Accolite\FrontEnd\Onboarding-Portal\src\app\service\authentication.service.ts
FN:11,(anonymous_0)
FN:16,(anonymous_1)
FN:19,(anonymous_2)
FN:25,(anonymous_3)
FN:30,(anonymous_4)
FN:35,(anonymous_5)
FNF:6
FNH:6
FNDA:20,(anonymous_0)
FNDA:1,(anonymous_1)
FNDA:1,(anonymous_2)
FNDA:2,(anonymous_3)
FNDA:2,(anonymous_4)
FNDA:1,(anonymous_5)
DA:4,1
DA:9,1
DA:12,20
DA:17,1
DA:18,1
DA:20,1
DA:27,2
DA:31,2
DA:32,2
DA:36,1
LF:10
LH:10
BRF:0
BRH:0
end_of_record
TN:
SF:C:\Users\PAWAN KT\Desktop\Accolite\FrontEnd\Onboarding-Portal\src\app\service\fetch-onboardee.service.ts
FN:9,(anonymous_0)
FN:13,(anonymous_1)
FN:17,(anonymous_2)
FN:21,(anonymous_3)
FN:25,(anonymous_4)
FN:29,(anonymous_5)
FN:33,(anonymous_6)
FN:37,(anonymous_7)
FNF:8
FNH:6
FNDA:25,(anonymous_0)
FNDA:12,(anonymous_1)
FNDA:6,(anonymous_2)
FNDA:0,(anonymous_3)
FNDA:60,(anonymous_4)
FNDA:12,(anonymous_5)
FNDA:6,(anonymous_6)
FNDA:0,(anonymous_7)
DA:7,1
DA:10,25
DA:14,12
DA:18,6
DA:22,0
DA:26,60
DA:30,12
DA:34,6
DA:38,0
LF:9
LH:7
BRF:0
BRH:0
end_of_record
TN:
SF:C:\Users\PAWAN KT\Desktop\Accolite\FrontEnd\Onboarding-Portal\src\app\service\route-guard.service.ts
FN:10,(anonymous_0)
FN:15,(anonymous_1)
FNF:2
FNH:2
FNDA:3,(anonymous_0)
FNDA:2,(anonymous_1)
DA:8,1
DA:11,3
DA:12,3
DA:17,2
DA:18,1
DA:20,1
DA:22,1
LF:7
LH:7
BRDA:17,0,0,1
BRDA:17,0,1,1
BRF:2
BRH:2
end_of_record
TN:
SF:C:\Users\PAWAN KT\Desktop\Accolite\FrontEnd\Onboarding-Portal\src\app\service\home\delete-onboardee.service.ts
FN:10,(anonymous_0)
FN:15,(anonymous_1)
FNF:2
FNH:2
FNDA:14,(anonymous_0)
FNDA:1,(anonymous_1)
DA:8,1
DA:11,14
DA:16,1
LF:3
LH:3
BRF:0
BRH:0
end_of_record
TN:
SF:C:\Users\PAWAN KT\Desktop\Accolite\FrontEnd\Onboarding-Portal\src\app\show-demands\show-demands.component.ts
FN:13,(anonymous_0)
FN:17,(anonymous_1)
FN:19,(anonymous_2)
FN:22,(anonymous_3)
FN:26,(anonymous_4)
FNF:5
FNH:5
FNDA:3,(anonymous_0)
FNDA:5,(anonymous_1)
FNDA:4,(anonymous_2)
FNDA:1,(anonymous_3)
FNDA:3,(anonymous_4)
DA:9,1
DA:14,3
DA:18,5
DA:20,4
DA:22,1
DA:27,3
LF:6
LH:6
BRF:0
BRH:0
end_of_record
